<?xml version="1.0" encoding="UTF-8"?>
<testng-results ignored="0" total="1" passed="1" failed="0" skipped="0">
  <reporter-output>
  </reporter-output>
  <suite started-at="2023-03-22T13:44:03 IST" name="Default suite" finished-at="2023-03-22T13:44:25 IST" duration-ms="21671">
    <groups>
    </groups>
    <test started-at="2023-03-22T13:44:03 IST" name="Default test" finished-at="2023-03-22T13:44:25 IST" duration-ms="21671">
      <class name="Naukri">
        <test-method signature="update()[pri:0, instance:Naukri@51dcb805]" started-at="2023-03-22T13:44:03 IST" name="update" finished-at="2023-03-22T13:44:25 IST" duration-ms="21602" status="PASS">
          <reporter-output>
          </reporter-output>
        </test-method> <!-- update -->
      </class> <!-- Naukri -->
    </test> <!-- Default test -->
  </suite> <!-- Default suite -->
</testng-results>
